<?xml version="1.0" encoding="UTF-8"?>
<!-- Generated by org.testng.reporters.JUnitReportReporter -->
<testsuite skipped="0" hostname="Admin-PC" name="com.ndtv.openweathermap.Weather" tests="1" failures="0" timestamp="12 Jul 2020 14:48:46 GMT" time="29.797" errors="0">
  <testcase name="launchApplication" time="29.797" classname="com.ndtv.openweathermap.Weather"/>
</testsuite> <!-- com.ndtv.openweathermap.Weather -->
